{"timestamp": "2025-09-20T20:38:35.233021Z", "level": "INFO", "logger": "outlook_mcp_server.server", "message": "Logging configured", "module": "logger", "function": "info", "line": 128, "thread": 33632, "thread_name": "MainThread", "extra": {"log_level": "INFO", "log_dir": "logs"}}
{"timestamp": "2025-09-20T20:38:35.235022Z", "level": "INFO", "logger": "outlook_mcp_server.adapters.outlook_adapter", "message": "Attempting to connect to Microsoft Outlook", "module": "outlook_adapter", "function": "connect", "line": 43, "thread": 19616, "thread_name": "asyncio_0"}
{"timestamp": "2025-09-20T20:38:36.471333Z", "level": "INFO", "logger": "outlook_mcp_server.adapters.outlook_adapter", "message": "Created new Outlook instance", "module": "outlook_adapter", "function": "connect", "line": 55, "thread": 19616, "thread_name": "asyncio_0"}
{"timestamp": "2025-09-20T20:38:45.236910Z", "level": "ERROR", "logger": "outlook_mcp_server.server", "message": "Outlook connection failed: Outlook connection timed out after 10 seconds", "module": "logger", "function": "error", "line": 136, "thread": 33632, "thread_name": "MainThread", "extra": {"outlook": {"connected": false, "details": "Outlook connection timed out after 10 seconds", "type": "connection_status"}}}
{"timestamp": "2025-09-20T20:38:45.252904Z", "level": "ERROR", "logger": "outlook_mcp_server.server", "message": "Failed to start server: Outlook connection timed out after 10 seconds", "module": "logger", "function": "error", "line": 136, "thread": 33632, "thread_name": "MainThread", "exception": {"type": "OutlookConnectionError", "message": "Outlook connection timed out after 10 seconds", "traceback": "Traceback (most recent call last):\n  File \"C:\\Users\\USER\\AppData\\Local\\Programs\\Python\\Python310\\lib\\asyncio\\tasks.py\", line 456, in wait_for\n    return fut.result()\nasyncio.exceptions.CancelledError\n\nThe above exception was the direct cause of the following exception:\n\nTraceback (most recent call last):\n  File \"C:\\Users\\USER\\Documents\\Github Repo\\EmailMCP\\src\\outlook_mcp_server\\server.py\", line 192, in _connect_to_outlook\n    await asyncio.wait_for(\n  File \"C:\\Users\\USER\\AppData\\Local\\Programs\\Python\\Python310\\lib\\asyncio\\tasks.py\", line 458, in wait_for\n    raise exceptions.TimeoutError() from exc\nasyncio.exceptions.TimeoutError\n\nDuring handling of the above exception, another exception occurred:\n\nTraceback (most recent call last):\n  File \"C:\\Users\\USER\\Documents\\Github Repo\\EmailMCP\\src\\outlook_mcp_server\\server.py\", line 94, in start\n    await self._initialize_components()\n  File \"C:\\Users\\USER\\Documents\\Github Repo\\EmailMCP\\src\\outlook_mcp_server\\server.py\", line 168, in _initialize_components\n    await self._connect_to_outlook()\n  File \"C:\\Users\\USER\\Documents\\Github Repo\\EmailMCP\\src\\outlook_mcp_server\\server.py\", line 203, in _connect_to_outlook\n    raise OutlookConnectionError(error_msg)\noutlook_mcp_server.models.exceptions.OutlookConnectionError: Outlook connection timed out after 10 seconds"}}
{"timestamp": "2025-09-20T20:38:45.253904Z", "level": "INFO", "logger": "outlook_mcp_server.adapters.outlook_adapter", "message": "Disconnecting from Outlook", "module": "outlook_adapter", "function": "disconnect", "line": 98, "thread": 35464, "thread_name": "asyncio_1"}
{"timestamp": "2025-09-20T20:38:45.254906Z", "level": "INFO", "logger": "outlook_mcp_server.adapters.outlook_adapter", "message": "Successfully disconnected from Outlook", "module": "outlook_adapter", "function": "disconnect", "line": 100, "thread": 35464, "thread_name": "asyncio_1"}
{"timestamp": "2025-09-20T20:40:28.498117Z", "level": "INFO", "logger": "outlook_mcp_server.adapters.outlook_adapter", "message": "Successfully connected to Outlook", "module": "outlook_adapter", "function": "connect", "line": 64, "thread": 19616, "thread_name": "asyncio_0"}
{"timestamp": "2025-09-20T20:46:44.143373Z", "level": "INFO", "logger": "outlook_mcp_server.server", "message": "Logging configured", "module": "logger", "function": "info", "line": 128, "thread": 22812, "thread_name": "MainThread", "extra": {"log_level": "INFO", "log_dir": "logs"}}
{"timestamp": "2025-09-20T20:46:44.143373Z", "level": "INFO", "logger": "outlook_mcp_server.adapters.outlook_adapter", "message": "Attempting to connect to Microsoft Outlook", "module": "outlook_adapter", "function": "connect", "line": 43, "thread": 38728, "thread_name": "asyncio_0"}
{"timestamp": "2025-09-20T20:46:44.453922Z", "level": "INFO", "logger": "outlook_mcp_server.adapters.outlook_adapter", "message": "Created new Outlook instance", "module": "outlook_adapter", "function": "connect", "line": 55, "thread": 38728, "thread_name": "asyncio_0"}
{"timestamp": "2025-09-20T20:46:44.488432Z", "level": "INFO", "logger": "outlook_mcp_server.adapters.outlook_adapter", "message": "Successfully connected to Outlook", "module": "outlook_adapter", "function": "connect", "line": 64, "thread": 38728, "thread_name": "asyncio_0"}
{"timestamp": "2025-09-20T20:46:44.488432Z", "level": "INFO", "logger": "outlook_mcp_server.server", "message": "Outlook connection established: Successfully connected to Outlook", "module": "logger", "function": "info", "line": 128, "thread": 22812, "thread_name": "MainThread", "extra": {"outlook": {"connected": true, "details": "Successfully connected to Outlook", "type": "connection_status"}}}
{"timestamp": "2025-09-20T20:46:44.489431Z", "level": "INFO", "logger": "outlook_mcp_server.protocol.mcp_protocol_handler", "message": "MCP Protocol Handler initialized", "module": "mcp_protocol_handler", "function": "__init__", "line": 120, "thread": 22812, "thread_name": "MainThread"}
{"timestamp": "2025-09-20T20:46:44.489431Z", "level": "INFO", "logger": "outlook_mcp_server.server", "message": "All components initialized successfully", "module": "logger", "function": "info", "line": 128, "thread": 22812, "thread_name": "MainThread"}
{"timestamp": "2025-09-20T20:46:44.489431Z", "level": "INFO", "logger": "outlook_mcp_server.server", "message": "Outlook MCP Server started successfully", "module": "logger", "function": "info", "line": 128, "thread": 22812, "thread_name": "MainThread"}
{"timestamp": "2025-09-20T20:46:44.491431Z", "level": "INFO", "logger": "outlook_mcp_server.server", "message": "MCP request received: get_folders", "module": "logger", "function": "info", "line": 128, "thread": 22812, "thread_name": "MainThread", "extra": {"mcp": {"request_id": "1", "method": "get_folders", "params": {}, "type": "request"}}}
{"timestamp": "2025-09-20T20:46:44.492431Z", "level": "INFO", "logger": "outlook_mcp_server.server", "message": "MCP request received: list_emails", "module": "logger", "function": "info", "line": 128, "thread": 22812, "thread_name": "MainThread", "extra": {"mcp": {"request_id": "2", "method": "list_emails", "params": {"folder": "Inbox", "unread_only": true, "limit": 5}, "type": "request"}}}
{"timestamp": "2025-09-20T20:46:44.493431Z", "level": "INFO", "logger": "outlook_mcp_server.server", "message": "MCP request received: search_emails", "module": "logger", "function": "info", "line": 128, "thread": 22812, "thread_name": "MainThread", "extra": {"mcp": {"request_id": "3", "method": "search_emails", "params": {"query": "from:Agoda invoice booking confirmation", "limit": 10}, "type": "request"}}}
{"timestamp": "2025-09-20T20:46:44.494432Z", "level": "INFO", "logger": "outlook_mcp_server.server", "message": "Stopping Outlook MCP Server", "module": "logger", "function": "info", "line": 128, "thread": 22812, "thread_name": "MainThread"}
{"timestamp": "2025-09-20T20:46:44.495432Z", "level": "ERROR", "logger": "outlook_mcp_server.server", "message": "Error during server shutdown: ThreadPoolExecutor.shutdown() got an unexpected keyword argument 'timeout'", "module": "logger", "function": "error", "line": 136, "thread": 22812, "thread_name": "MainThread", "exception": {"type": "TypeError", "message": "ThreadPoolExecutor.shutdown() got an unexpected keyword argument 'timeout'", "traceback": "Traceback (most recent call last):\n  File \"C:\\Users\\USER\\Documents\\Github Repo\\EmailMCP\\src\\outlook_mcp_server\\server.py\", line 131, in stop\n    self._executor.shutdown(wait=True, timeout=5.0)\nTypeError: ThreadPoolExecutor.shutdown() got an unexpected keyword argument 'timeout'"}}
{"timestamp": "2025-09-20T20:47:18.296228Z", "level": "INFO", "logger": "outlook_mcp_server.server", "message": "Logging configured", "module": "logger", "function": "info", "line": 128, "thread": 9404, "thread_name": "MainThread", "extra": {"log_level": "INFO", "log_dir": "logs"}}
{"timestamp": "2025-09-20T20:47:18.297229Z", "level": "INFO", "logger": "outlook_mcp_server.adapters.outlook_adapter", "message": "Attempting to connect to Microsoft Outlook", "module": "outlook_adapter", "function": "connect", "line": 43, "thread": 34924, "thread_name": "asyncio_0"}
{"timestamp": "2025-09-20T20:47:18.601801Z", "level": "INFO", "logger": "outlook_mcp_server.adapters.outlook_adapter", "message": "Created new Outlook instance", "module": "outlook_adapter", "function": "connect", "line": 55, "thread": 34924, "thread_name": "asyncio_0"}
{"timestamp": "2025-09-20T20:47:18.634801Z", "level": "INFO", "logger": "outlook_mcp_server.adapters.outlook_adapter", "message": "Successfully connected to Outlook", "module": "outlook_adapter", "function": "connect", "line": 64, "thread": 34924, "thread_name": "asyncio_0"}
{"timestamp": "2025-09-20T20:47:18.635801Z", "level": "INFO", "logger": "outlook_mcp_server.server", "message": "Outlook connection established: Successfully connected to Outlook", "module": "logger", "function": "info", "line": 128, "thread": 9404, "thread_name": "MainThread", "extra": {"outlook": {"connected": true, "details": "Successfully connected to Outlook", "type": "connection_status"}}}
{"timestamp": "2025-09-20T20:47:18.635801Z", "level": "INFO", "logger": "outlook_mcp_server.protocol.mcp_protocol_handler", "message": "MCP Protocol Handler initialized", "module": "mcp_protocol_handler", "function": "__init__", "line": 120, "thread": 9404, "thread_name": "MainThread"}
{"timestamp": "2025-09-20T20:47:18.635801Z", "level": "INFO", "logger": "outlook_mcp_server.server", "message": "All components initialized successfully", "module": "logger", "function": "info", "line": 128, "thread": 9404, "thread_name": "MainThread"}
{"timestamp": "2025-09-20T20:47:18.635801Z", "level": "INFO", "logger": "outlook_mcp_server.server", "message": "Outlook MCP Server started successfully", "module": "logger", "function": "info", "line": 128, "thread": 9404, "thread_name": "MainThread"}
{"timestamp": "2025-09-20T20:47:18.637801Z", "level": "INFO", "logger": "outlook_mcp_server.server", "message": "MCP request received: get_folders", "module": "logger", "function": "info", "line": 128, "thread": 9404, "thread_name": "MainThread", "extra": {"mcp": {"request_id": "1", "method": "get_folders", "params": {}, "type": "request"}}}
{"timestamp": "2025-09-20T20:47:18.638802Z", "level": "INFO", "logger": "outlook_mcp_server.server", "message": "MCP request received: list_emails", "module": "logger", "function": "info", "line": 128, "thread": 9404, "thread_name": "MainThread", "extra": {"mcp": {"request_id": "2", "method": "list_emails", "params": {"folder": "Inbox", "unread_only": true, "limit": 5}, "type": "request"}}}
{"timestamp": "2025-09-20T20:47:18.639802Z", "level": "INFO", "logger": "outlook_mcp_server.server", "message": "MCP request received: search_emails", "module": "logger", "function": "info", "line": 128, "thread": 9404, "thread_name": "MainThread", "extra": {"mcp": {"request_id": "3", "method": "search_emails", "params": {"query": "from:Agoda invoice booking confirmation", "limit": 10}, "type": "request"}}}
{"timestamp": "2025-09-20T20:47:18.640802Z", "level": "INFO", "logger": "outlook_mcp_server.server", "message": "Stopping Outlook MCP Server", "module": "logger", "function": "info", "line": 128, "thread": 9404, "thread_name": "MainThread"}
{"timestamp": "2025-09-20T20:47:18.641802Z", "level": "ERROR", "logger": "outlook_mcp_server.server", "message": "Error during server shutdown: ThreadPoolExecutor.shutdown() got an unexpected keyword argument 'timeout'", "module": "logger", "function": "error", "line": 136, "thread": 9404, "thread_name": "MainThread", "exception": {"type": "TypeError", "message": "ThreadPoolExecutor.shutdown() got an unexpected keyword argument 'timeout'", "traceback": "Traceback (most recent call last):\n  File \"C:\\Users\\USER\\Documents\\Github Repo\\EmailMCP\\src\\outlook_mcp_server\\server.py\", line 131, in stop\n    self._executor.shutdown(wait=True, timeout=5.0)\nTypeError: ThreadPoolExecutor.shutdown() got an unexpected keyword argument 'timeout'"}}
{"timestamp": "2025-09-20T20:53:02.231868Z", "level": "INFO", "logger": "outlook_mcp_server.server", "message": "Logging configured", "module": "logger", "function": "info", "line": 128, "thread": 37852, "thread_name": "MainThread", "extra": {"log_level": "INFO", "log_dir": "logs"}}
{"timestamp": "2025-09-20T20:53:02.232874Z", "level": "INFO", "logger": "outlook_mcp_server.adapters.outlook_adapter", "message": "Attempting to connect to Microsoft Outlook", "module": "outlook_adapter", "function": "connect", "line": 43, "thread": 34980, "thread_name": "asyncio_0"}
{"timestamp": "2025-09-20T20:53:02.596971Z", "level": "INFO", "logger": "outlook_mcp_server.adapters.outlook_adapter", "message": "Created new Outlook instance", "module": "outlook_adapter", "function": "connect", "line": 55, "thread": 34980, "thread_name": "asyncio_0"}
{"timestamp": "2025-09-20T20:53:02.633973Z", "level": "INFO", "logger": "outlook_mcp_server.adapters.outlook_adapter", "message": "Successfully connected to Outlook", "module": "outlook_adapter", "function": "connect", "line": 64, "thread": 34980, "thread_name": "asyncio_0"}
{"timestamp": "2025-09-20T20:53:02.634971Z", "level": "INFO", "logger": "outlook_mcp_server.server", "message": "Outlook connection established: Successfully connected to Outlook", "module": "logger", "function": "info", "line": 128, "thread": 37852, "thread_name": "MainThread", "extra": {"outlook": {"connected": true, "details": "Successfully connected to Outlook", "type": "connection_status"}}}
{"timestamp": "2025-09-20T20:53:02.634971Z", "level": "INFO", "logger": "outlook_mcp_server.protocol.mcp_protocol_handler", "message": "MCP Protocol Handler initialized", "module": "mcp_protocol_handler", "function": "__init__", "line": 120, "thread": 37852, "thread_name": "MainThread"}
{"timestamp": "2025-09-20T20:53:02.634971Z", "level": "INFO", "logger": "outlook_mcp_server.server", "message": "All components initialized successfully", "module": "logger", "function": "info", "line": 128, "thread": 37852, "thread_name": "MainThread"}
{"timestamp": "2025-09-20T20:53:02.634971Z", "level": "INFO", "logger": "outlook_mcp_server.server", "message": "Outlook MCP Server started successfully", "module": "logger", "function": "info", "line": 128, "thread": 37852, "thread_name": "MainThread"}
{"timestamp": "2025-09-20T20:53:02.635970Z", "level": "INFO", "logger": "outlook_mcp_server.server", "message": "MCP request received: search_emails", "module": "logger", "function": "info", "line": 128, "thread": 37852, "thread_name": "MainThread", "extra": {"mcp": {"request_id": "1", "method": "search_emails", "params": {"query": "On 9/20 day NPI KDP61 DVT1.0_Build EQM1 Test Result", "limit": 10}, "type": "request"}}}
{"timestamp": "2025-09-20T20:53:02.636970Z", "level": "INFO", "logger": "outlook_mcp_server.server", "message": "MCP request received: search_emails", "module": "logger", "function": "info", "line": 128, "thread": 37852, "thread_name": "MainThread", "extra": {"mcp": {"request_id": "2", "method": "search_emails", "params": {"query": "NPI KDP61 DVT1.0_Build EQM1", "limit": 20}, "type": "request"}}}
{"timestamp": "2025-09-20T20:53:02.637970Z", "level": "INFO", "logger": "outlook_mcp_server.server", "message": "MCP request received: search_emails", "module": "logger", "function": "info", "line": 128, "thread": 37852, "thread_name": "MainThread", "extra": {"mcp": {"request_id": "3", "method": "search_emails", "params": {"query": "9/20 KDP61 Test Result", "limit": 20}, "type": "request"}}}
{"timestamp": "2025-09-20T20:53:02.638971Z", "level": "INFO", "logger": "outlook_mcp_server.server", "message": "MCP request received: list_emails", "module": "logger", "function": "info", "line": 128, "thread": 37852, "thread_name": "MainThread", "extra": {"mcp": {"request_id": "4", "method": "list_emails", "params": {"folder": "Inbox", "limit": 50}, "type": "request"}}}
{"timestamp": "2025-09-20T20:53:02.638971Z", "level": "INFO", "logger": "outlook_mcp_server.server", "message": "Stopping Outlook MCP Server", "module": "logger", "function": "info", "line": 128, "thread": 37852, "thread_name": "MainThread"}
{"timestamp": "2025-09-20T20:53:02.639970Z", "level": "ERROR", "logger": "outlook_mcp_server.server", "message": "Error during server shutdown: ThreadPoolExecutor.shutdown() got an unexpected keyword argument 'timeout'", "module": "logger", "function": "error", "line": 136, "thread": 37852, "thread_name": "MainThread", "exception": {"type": "TypeError", "message": "ThreadPoolExecutor.shutdown() got an unexpected keyword argument 'timeout'", "traceback": "Traceback (most recent call last):\n  File \"C:\\Users\\USER\\Documents\\Github Repo\\EmailMCP\\src\\outlook_mcp_server\\server.py\", line 131, in stop\n    self._executor.shutdown(wait=True, timeout=5.0)\nTypeError: ThreadPoolExecutor.shutdown() got an unexpected keyword argument 'timeout'"}}
{"timestamp": "2025-09-20T20:54:23.965637Z", "level": "INFO", "logger": "outlook_mcp_server.server", "message": "Logging configured", "module": "logger", "function": "info", "line": 128, "thread": 40808, "thread_name": "MainThread", "extra": {"log_level": "INFO", "log_dir": "logs"}}
{"timestamp": "2025-09-20T20:54:23.966634Z", "level": "INFO", "logger": "outlook_mcp_server.adapters.outlook_adapter", "message": "Attempting to connect to Microsoft Outlook", "module": "outlook_adapter", "function": "connect", "line": 43, "thread": 40828, "thread_name": "asyncio_0"}
{"timestamp": "2025-09-20T20:54:24.347706Z", "level": "INFO", "logger": "outlook_mcp_server.adapters.outlook_adapter", "message": "Created new Outlook instance", "module": "outlook_adapter", "function": "connect", "line": 55, "thread": 40828, "thread_name": "asyncio_0"}
{"timestamp": "2025-09-20T20:54:24.391779Z", "level": "INFO", "logger": "outlook_mcp_server.adapters.outlook_adapter", "message": "Successfully connected to Outlook", "module": "outlook_adapter", "function": "connect", "line": 64, "thread": 40828, "thread_name": "asyncio_0"}
{"timestamp": "2025-09-20T20:54:24.392779Z", "level": "INFO", "logger": "outlook_mcp_server.server", "message": "Outlook connection established: Successfully connected to Outlook", "module": "logger", "function": "info", "line": 128, "thread": 40808, "thread_name": "MainThread", "extra": {"outlook": {"connected": true, "details": "Successfully connected to Outlook", "type": "connection_status"}}}
{"timestamp": "2025-09-20T20:54:24.392779Z", "level": "INFO", "logger": "outlook_mcp_server.protocol.mcp_protocol_handler", "message": "MCP Protocol Handler initialized", "module": "mcp_protocol_handler", "function": "__init__", "line": 120, "thread": 40808, "thread_name": "MainThread"}
{"timestamp": "2025-09-20T20:54:24.393779Z", "level": "INFO", "logger": "outlook_mcp_server.server", "message": "All components initialized successfully", "module": "logger", "function": "info", "line": 128, "thread": 40808, "thread_name": "MainThread"}
{"timestamp": "2025-09-20T20:54:24.393779Z", "level": "INFO", "logger": "outlook_mcp_server.server", "message": "Outlook MCP Server started successfully", "module": "logger", "function": "info", "line": 128, "thread": 40808, "thread_name": "MainThread"}
{"timestamp": "2025-09-20T20:54:24.394778Z", "level": "INFO", "logger": "outlook_mcp_server.services.email_service", "message": "Listing emails - folder: Inbox, unread_only: False, limit: 100", "module": "email_service", "function": "list_emails", "line": 86, "thread": 40808, "thread_name": "MainThread"}
{"timestamp": "2025-09-20T20:54:24.395779Z", "level": "ERROR", "logger": "outlook_mcp_server.services.email_service", "message": "Outlook adapter is not connected", "module": "email_service", "function": "list_emails", "line": 118, "thread": 40808, "thread_name": "MainThread"}
{"timestamp": "2025-09-20T20:54:24.396779Z", "level": "INFO", "logger": "outlook_mcp_server.services.email_service", "message": "Searching emails - query: 'NPI KDP61', folder: None, limit: 50", "module": "email_service", "function": "search_emails", "line": 275, "thread": 40808, "thread_name": "MainThread"}
{"timestamp": "2025-09-20T20:54:24.397283Z", "level": "INFO", "logger": "outlook_mcp_server.services.email_service", "message": "Searching emails - query: 'DVT1.0_Build', folder: None, limit: 50", "module": "email_service", "function": "search_emails", "line": 275, "thread": 40808, "thread_name": "MainThread"}
{"timestamp": "2025-09-20T20:54:24.397283Z", "level": "INFO", "logger": "outlook_mcp_server.services.email_service", "message": "Searching emails - query: '9/20', folder: None, limit: 50", "module": "email_service", "function": "search_emails", "line": 275, "thread": 40808, "thread_name": "MainThread"}
{"timestamp": "2025-09-20T20:54:24.399297Z", "level": "INFO", "logger": "outlook_mcp_server.services.email_service", "message": "Listing emails - folder: Inbox, unread_only: False, limit: 10", "module": "email_service", "function": "list_emails", "line": 86, "thread": 40808, "thread_name": "MainThread"}
{"timestamp": "2025-09-20T20:54:24.399297Z", "level": "ERROR", "logger": "outlook_mcp_server.services.email_service", "message": "Outlook adapter is not connected", "module": "email_service", "function": "list_emails", "line": 118, "thread": 40808, "thread_name": "MainThread"}
{"timestamp": "2025-09-20T20:54:24.400296Z", "level": "INFO", "logger": "outlook_mcp_server.server", "message": "Stopping Outlook MCP Server", "module": "logger", "function": "info", "line": 128, "thread": 40808, "thread_name": "MainThread"}
{"timestamp": "2025-09-20T20:54:24.400296Z", "level": "ERROR", "logger": "outlook_mcp_server.server", "message": "Error during server shutdown: ThreadPoolExecutor.shutdown() got an unexpected keyword argument 'timeout'", "module": "logger", "function": "error", "line": 136, "thread": 40808, "thread_name": "MainThread", "exception": {"type": "TypeError", "message": "ThreadPoolExecutor.shutdown() got an unexpected keyword argument 'timeout'", "traceback": "Traceback (most recent call last):\n  File \"C:\\Users\\USER\\Documents\\Github Repo\\EmailMCP\\src\\outlook_mcp_server\\server.py\", line 131, in stop\n    self._executor.shutdown(wait=True, timeout=5.0)\nTypeError: ThreadPoolExecutor.shutdown() got an unexpected keyword argument 'timeout'"}}
